<?xml version="1.0" encoding="UTF-8"?>
<!-- Generated by org.testng.reporters.JUnitReportReporter -->
<testsuite hostname="DESKTOP-AB" name="com.testfunday.app.RegistrationPageTest" tests="2" failures="0" timestamp="3 Jan 2020 04:25:57 GMT" time="7.557" errors="0">
  <testcase name="createSuccessfulAccount" time="7.338" classname="com.testfunday.app.RegistrationPageTest"/>
  <testcase name="validateRegistrationPage" time="0.219" classname="com.testfunday.app.RegistrationPageTest"/>
</testsuite> <!-- com.testfunday.app.RegistrationPageTest -->
