<?xml version="1.0" encoding="UTF-8"?>
<!-- Generated by org.testng.reporters.JUnitReportReporter -->
<testsuite hostname="DESKTOP-AB" name="com.testfunday.app.AppTest" tests="1" failures="0" timestamp="3 Jan 2020 04:25:57 GMT" time="0.001" errors="0">
  <testcase name="testApp" time="0.001" classname="com.testfunday.app.AppTest"/>
</testsuite> <!-- com.testfunday.app.AppTest -->
