<?xml version="1.0" encoding="UTF-8"?>
<!-- Generated by org.testng.reporters.JUnitReportReporter -->
<testsuite skipped="0" hostname="DESKTOP-AB" name="com.testfunday.app.HomePage" tests="2" failures="0" timestamp="2020-01-01T17:55:08 IST" time="38.626" errors="0">
  <testcase name="homePageNavigation" time="37.638" classname="com.testfunday.app.HomePage"/>
  <testcase name="registrationPageNavigation" time="0.988" classname="com.testfunday.app.HomePage"/>
</testsuite> <!-- com.testfunday.app.HomePage -->
