<?xml version="1.0" encoding="UTF-8"?>
<!-- Generated by org.testng.reporters.JUnitReportReporter -->
<testsuite skipped="0" hostname="DESKTOP-AB" name="com.testfunday.app.HomePageTest" tests="1" failures="0" timestamp="2020-01-08T01:12:24 IST" time="8.508" errors="0">
  <testcase name="homePageNavigation" time="8.508" classname="com.testfunday.app.HomePageTest"/>
</testsuite> <!-- com.testfunday.app.HomePageTest -->
