<?xml version="1.0" encoding="UTF-8"?>
<!-- Generated by org.testng.reporters.JUnitReportReporter -->
<testsuite skipped="0" hostname="DESKTOP-AB" name="com.testfunday.app.RegistrationPageTest" tests="2" failures="0" timestamp="2020-01-08T01:12:24 IST" time="7.298" errors="0">
  <testcase name="validateRegistrationPage" time="0.175" classname="com.testfunday.app.RegistrationPageTest"/>
  <testcase name="createSuccessfulAccount" time="7.123" classname="com.testfunday.app.RegistrationPageTest"/>
</testsuite> <!-- com.testfunday.app.RegistrationPageTest -->
