<?xml version="1.0" encoding="UTF-8"?>
<!-- Generated by org.testng.reporters.JUnitReportReporter -->
<testsuite hostname="DESKTOP-AB" name="com.testfunday.app.RegistrationPageTest" tests="2" failures="0" timestamp="3 Jan 2020 06:28:03 GMT" time="7.894" errors="0">
  <testcase name="validateRegistrationPage" time="0.307" classname="com.testfunday.app.RegistrationPageTest"/>
  <testcase name="createSuccessfulAccount" time="7.587" classname="com.testfunday.app.RegistrationPageTest"/>
</testsuite> <!-- com.testfunday.app.RegistrationPageTest -->
