<?xml version="1.0" encoding="UTF-8"?>
<!-- Generated by org.testng.reporters.JUnitReportReporter -->
<testsuite hostname="DESKTOP-AB" name="com.testfunday.app.HomePageTest" tests="1" failures="0" timestamp="3 Jan 2020 06:28:03 GMT" time="8.971" errors="0">
  <testcase name="homePageNavigation" time="8.971" classname="com.testfunday.app.HomePageTest"/>
</testsuite> <!-- com.testfunday.app.HomePageTest -->
